This is pdfTeX, Version 3.14159265-2.6-1.40.20 (MiKTeX 2.9.7250 64-bit) (preloaded format=pdflatex 2020.7.7)  4 AUG 2020 15:16
entering extended mode
**d:/_Projects/latex/latex/homework-final-report.tex
(d:/_Projects/latex/latex/homework-final-report.tex
LaTeX2e <2019-10-01> patch level 3
("E:\MiKTeX 2.9\tex/latex/base\article.cls"
Document Class: article 2019/10/25 v1.4k Standard LaTeX document class
("E:\MiKTeX 2.9\tex/latex/base\size11.clo"
File: size11.clo 2019/10/25 v1.4k Standard LaTeX file (size option)
)
\c@part=\count80
\c@section=\count81
\c@subsection=\count82
\c@subsubsection=\count83
\c@paragraph=\count84
\c@subparagraph=\count85
\c@figure=\count86
\c@table=\count87
\abovecaptionskip=\skip41
\belowcaptionskip=\skip42
\bibindent=\dimen102
) ("E:\MiKTeX 2.9\tex/latex/base\fontenc.sty"
Package: fontenc 2018/08/11 v2.0j Standard LaTeX package
 ("E:\MiKTeX 2.9\tex/latex/base\t1enc.def"
File: t1enc.def 2018/08/11 v2.0j Standard LaTeX file
LaTeX Font Info:    Redeclaring font encoding T1 on input line 48.
)) ("E:\MiKTeX 2.9\tex/latex/mathdesign\mathdesign.sty"
Package: mathdesign 2013/08/29 v2.31 Math Design Project
 ("E:\MiKTeX 2.9\tex/latex/graphics\keyval.sty"
Package: keyval 2014/10/28 v1.15 key=value parser (DPC)
\KV@toks@=\toks14
) ("E:\MiKTeX 2.9\tex/latex/base\ifthen.sty"
Package: ifthen 2014/09/29 v1.1c Standard LaTeX ifthen package (DPC)
) ("E:\MiKTeX 2.9\tex/latex/mathdesign/mdbch\mdbch.cfg") ("E:\MiKTeX 2.9\tex/latex/mathdesign/mdbch\mdbch.sty"
Package: mdbch 2013/08/29 v2.31 bitstream bitstream charter + mdbch (Math Design Project)
 ("E:\MiKTeX 2.9\tex/latex/mathdesign\mdfont.def"
File: mdfont.def 2013/08/29 v2.31 (Math Design Project)
) ("E:\MiKTeX 2.9\tex/latex/mathdesign\mdsffont.def"
File: mdsffont.def 2013/08/29 v2.31 (Math Design Project)
) ("E:\MiKTeX 2.9\tex/latex/mathdesign\mdttfont.def"
File: mdttfont.def 2013/08/29 v2.31 (Math Design Project)
)
\symmdcal=\mathgroup4
LaTeX Font Info:    Overwriting symbol font `mdcal' in version `bold'
(Font)                  OMS/mdbch/m/n --> OMS/mdbch/b/n on input line 97.
\symmdscr=\mathgroup5
LaTeX Font Info:    Overwriting symbol font `mdscr' in version `bold'
(Font)                  OMS/mdbch/m/n --> OMS/mdbch/b/n on input line 103.
LaTeX Font Info:    Overwriting math alphabet `\mathfrak' in version `bold'
(Font)                  U/xmdeuf/m/n --> U/xmdeuf/b/n on input line 110.
LaTeX Font Info:    Overwriting symbol font `operators' in version `normal'
(Font)                  OT1/cmr/m/n --> OT1/mdbch/m/n on input line 121.
LaTeX Font Info:    Overwriting symbol font `letters' in version `normal'
(Font)                  OML/cmm/m/it --> OML/mdbch/m/it on input line 122.
LaTeX Font Info:    Overwriting symbol font `symbols' in version `normal'
(Font)                  OMS/cmsy/m/n --> OMS/mdbch/m/n on input line 123.
LaTeX Font Info:    Overwriting symbol font `largesymbols' in version `normal'
(Font)                  OMX/cmex/m/n --> OMX/mdbch/m/n on input line 124.
LaTeX Font Info:    Overwriting symbol font `operators' in version `bold'
(Font)                  OT1/cmr/bx/n --> OT1/mdbch/b/n on input line 126.
LaTeX Font Info:    Overwriting symbol font `letters' in version `bold'
(Font)                  OML/cmm/b/it --> OML/mdbch/b/it on input line 127.
LaTeX Font Info:    Overwriting symbol font `symbols' in version `bold'
(Font)                  OMS/cmsy/b/n --> OMS/mdbch/b/n on input line 128.
LaTeX Font Info:    Overwriting symbol font `largesymbols' in version `bold'
(Font)                  OMX/cmex/m/n --> OMX/mdbch/b/n on input line 129.
LaTeX Font Info:    Overwriting math alphabet `\mathrm' in version `normal'
(Font)                  OT1/mdbch/m/n --> T1/mdbch/m/n on input line 131.
LaTeX Font Info:    Overwriting math alphabet `\mathbf' in version `normal'
(Font)                  OT1/cmr/bx/n --> T1/mdbch/b/n on input line 132.
LaTeX Font Info:    Overwriting math alphabet `\mathit' in version `normal'
(Font)                  OT1/cmr/m/it --> T1/mdbch/m/it on input line 133.
LaTeX Font Info:    Overwriting math alphabet `\mathsf' in version `normal'
(Font)                  OT1/cmss/m/n --> T1/cmss/m/n on input line 134.
LaTeX Font Info:    Overwriting math alphabet `\mathtt' in version `normal'
(Font)                  OT1/cmtt/m/n --> T1/cmtt/m/n on input line 135.
LaTeX Font Info:    Overwriting math alphabet `\mathrm' in version `bold'
(Font)                  OT1/mdbch/b/n --> T1/mdbch/b/n on input line 137.
LaTeX Font Info:    Overwriting math alphabet `\mathbf' in version `bold'
(Font)                  OT1/cmr/bx/n --> T1/mdbch/b/n on input line 138.
LaTeX Font Info:    Overwriting math alphabet `\mathit' in version `bold'
(Font)                  OT1/cmr/bx/it --> T1/mdbch/b/it on input line 139.
LaTeX Font Info:    Overwriting math alphabet `\mathsf' in version `bold'
(Font)                  OT1/cmss/bx/n --> T1/cmss/b/n on input line 140.
LaTeX Font Info:    Overwriting math alphabet `\mathtt' in version `bold'
(Font)                  OT1/cmtt/m/n --> T1/cmtt/b/n on input line 141.
\symlettersupright=\mathgroup6
LaTeX Font Info:    Overwriting symbol font `lettersupright' in version `bold'
(Font)                  OML/mdbch/m/n --> OML/mdbch/b/n on input line 144.
LaTeX Font Info:    Redeclaring math alphabet \mathrm on input line 145.
LaTeX Font Info:    Overwriting math alphabet `\mathcal' in version `normal'
(Font)                  OMS/mdbch/m/n --> OMS/mdbch/m/n on input line 167.
 ("E:\MiKTeX 2.9\tex/latex/xkeyval\xkeyval.sty"
Package: xkeyval 2014/12/03 v2.7a package option processing (HA)
 ("E:\MiKTeX 2.9\tex/generic/xkeyval\xkeyval.tex" ("E:\MiKTeX 2.9\tex/generic/xkeyval\xkvutils.tex"
\XKV@toks=\toks15
\XKV@tempa@toks=\toks16
)
\XKV@depth=\count88
File: xkeyval.tex 2014/12/03 v2.7a key=value parser (HA)
))
LaTeX Font Info:    Trying to load font information for T1+mdbch on input line 186.
 ("E:\MiKTeX 2.9\tex/latex/mathdesign/mdbch\t1mdbch.fd"
File: t1mdbch.fd 2013/08/29 Fontinst v1.933 font definitions for T1/mdbch.
)
LaTeX Font Info:    Font shape `T1/mdbch/m/n' will be
(Font)              scaled to size 10.51207pt on input line 186.
LaTeX Font Info:    Redeclaring math accent \widetilde on input line 449.
LaTeX Font Info:    Redeclaring math accent \widehat on input line 450.
Now handling font encoding MDA ...
... no UTF-8 mapping file for font encoding MDA
\symmathdesignA=\mathgroup7
LaTeX Font Info:    Overwriting symbol font `mathdesignA' in version `bold'
(Font)                  MDA/mdbch/m/n --> MDA/mdbch/b/n on input line 491.
Now handling font encoding MDB ...
... no UTF-8 mapping file for font encoding MDB
\symmathdesignB=\mathgroup8
LaTeX Font Info:    Overwriting symbol font `mathdesignB' in version `bold'
(Font)                  MDB/mdbch/m/n --> MDB/mdbch/b/n on input line 498.
\@emptytoks=\toks17
LaTeX Font Info:    Redeclaring math accent \widetilde on input line 532.
LaTeX Font Info:    Redeclaring math accent \widehat on input line 533.
\rulethickness=\skip43
) ("E:\MiKTeX 2.9\tex/latex/base\fontenc.sty"
Package: fontenc 2018/08/11 v2.0j Standard LaTeX package
 ("E:\MiKTeX 2.9\tex/latex/base\t1enc.def"
File: t1enc.def 2018/08/11 v2.0j Standard LaTeX file
LaTeX Font Info:    Redeclaring font encoding T1 on input line 48.
))) ("E:\MiKTeX 2.9\tex/latex/amsmath\amsmath.sty"
Package: amsmath 2019/11/16 v2.17d AMS math features
\@mathmargin=\skip44

For additional information on amsmath, use the `?' option.
("E:\MiKTeX 2.9\tex/latex/amsmath\amstext.sty"
Package: amstext 2000/06/29 v2.01 AMS text
 ("E:\MiKTeX 2.9\tex/latex/amsmath\amsgen.sty"
File: amsgen.sty 1999/11/30 v2.0 generic functions
\@emptytoks=\toks18
\ex@=\dimen103
)) ("E:\MiKTeX 2.9\tex/latex/amsmath\amsbsy.sty"
Package: amsbsy 1999/11/29 v1.2d Bold Symbols
\pmbraise@=\dimen104
) ("E:\MiKTeX 2.9\tex/latex/amsmath\amsopn.sty"
Package: amsopn 2016/03/08 v2.02 operator names
)
\inf@bad=\count89
LaTeX Info: Redefining \frac on input line 227.
\uproot@=\count90
\leftroot@=\count91
LaTeX Info: Redefining \overline on input line 389.
\classnum@=\count92
\DOTSCASE@=\count93
LaTeX Info: Redefining \ldots on input line 486.
LaTeX Info: Redefining \dots on input line 489.
LaTeX Info: Redefining \cdots on input line 610.
\Mathstrutbox@=\box27
\strutbox@=\box28
\big@size=\dimen105
LaTeX Font Info:    Redeclaring font encoding OML on input line 733.
LaTeX Font Info:    Redeclaring font encoding OMS on input line 734.
\macc@depth=\count94
\c@MaxMatrixCols=\count95
\dotsspace@=\muskip10
\c@parentequation=\count96
\dspbrk@lvl=\count97
\tag@help=\toks19
\row@=\count98
\column@=\count99
\maxfields@=\count100
\andhelp@=\toks20
\eqnshift@=\dimen106
\alignsep@=\dimen107
\tagshift@=\dimen108
\tagwidth@=\dimen109
\totwidth@=\dimen110
\lineht@=\dimen111
\@envbody=\toks21
\multlinegap=\skip45
\multlinetaggap=\skip46
\mathdisplay@stack=\toks22
LaTeX Info: Redefining \[ on input line 2858.
LaTeX Info: Redefining \] on input line 2859.
) ("E:\MiKTeX 2.9\tex/latex/amscls\amsthm.sty"
Package: amsthm 2017/10/31 v2.20.4
\thm@style=\toks23
\thm@bodyfont=\toks24
\thm@headfont=\toks25
\thm@notefont=\toks26
\thm@headpunct=\toks27
\thm@preskip=\skip47
\thm@postskip=\skip48
\thm@headsep=\skip49
\dth@everypar=\toks28
) ("E:\MiKTeX 2.9\tex/latex/geometry\geometry.sty"
Package: geometry 2018/04/16 v5.8 Page Geometry
 ("E:\MiKTeX 2.9\tex/generic/iftex\ifpdf.sty"
Package: ifpdf 2019/10/25 v3.4 ifpdf legacy package. Use iftex instead.
 ("E:\MiKTeX 2.9\tex/generic/iftex\iftex.sty"
Package: iftex 2019/11/07 v1.0c TeX engine tests
)) ("E:\MiKTeX 2.9\tex/generic/iftex\ifvtex.sty"
Package: ifvtex 2019/10/25 v1.7 ifvtex legacy package. Use iftex instead.
) ("E:\MiKTeX 2.9\tex/generic/iftex\ifxetex.sty"
Package: ifxetex 2019/10/25 v0.7 ifxetex legacy package. Use iftex instead.
)
\Gm@cnth=\count101
\Gm@cntv=\count102
\c@Gm@tempcnt=\count103
\Gm@bindingoffset=\dimen112
\Gm@wd@mp=\dimen113
\Gm@odd@mp=\dimen114
\Gm@even@mp=\dimen115
\Gm@layoutwidth=\dimen116
\Gm@layoutheight=\dimen117
\Gm@layouthoffset=\dimen118
\Gm@layoutvoffset=\dimen119
\Gm@dimlist=\toks29
 ("E:\MiKTeX 2.9\tex/latex/geometry\geometry.cfg")) ("E:\MiKTeX 2.9\tex/latex/hyperref\hyperref.sty"
Package: hyperref 2019/11/10 v7.00c Hypertext links for LaTeX
 ("E:\MiKTeX 2.9\tex/generic/oberdiek\ltxcmds.sty"
Package: ltxcmds 2016/05/16 v1.23 LaTeX kernel commands for general use (HO)
) ("E:\MiKTeX 2.9\tex/latex/pdftexcmds\pdftexcmds.sty"
Package: pdftexcmds 2019/11/24 v0.31 Utility functions of pdfTeX for LuaTeX (HO)
 ("E:\MiKTeX 2.9\tex/generic/oberdiek\infwarerr.sty"
Package: infwarerr 2016/05/16 v1.4 Providing info/warning/error messages (HO)
)
Package pdftexcmds Info: \pdf@primitive is available.
Package pdftexcmds Info: \pdf@ifprimitive is available.
Package pdftexcmds Info: \pdfdraftmode found.
) ("E:\MiKTeX 2.9\tex/generic/oberdiek\kvsetkeys.sty"
Package: kvsetkeys 2016/05/16 v1.17 Key value parser (HO)
 ("E:\MiKTeX 2.9\tex/generic/oberdiek\etexcmds.sty"
Package: etexcmds 2016/05/16 v1.6 Avoid name clashes with e-TeX commands (HO)
 ("E:\MiKTeX 2.9\tex/generic/iftex\ifluatex.sty"
Package: ifluatex 2019/10/25 v1.5 ifluatex legacy package. Use iftex instead.
))) ("E:\MiKTeX 2.9\tex/generic/oberdiek\kvdefinekeys.sty"
Package: kvdefinekeys 2016/05/16 v1.4 Define keys (HO)
) ("E:\MiKTeX 2.9\tex/generic/oberdiek\pdfescape.sty"
Package: pdfescape 2016/05/16 v1.14 Implements pdfTeX's escape features (HO)
) ("E:\MiKTeX 2.9\tex/latex/oberdiek\hycolor.sty"
Package: hycolor 2016/05/16 v1.8 Color options for hyperref/bookmark (HO)
 ("E:\MiKTeX 2.9\tex/latex/oberdiek\xcolor-patch.sty"
Package: xcolor-patch 2016/05/16 xcolor patch
 ("E:\MiKTeX 2.9\tex/latex/oberdiek\hopatch.sty"
Package: hopatch 2016/05/16 v1.3 Wrapper for package hooks (HO)
))) ("E:\MiKTeX 2.9\tex/latex/oberdiek\letltxmacro.sty"
Package: letltxmacro 2016/05/16 v1.5 Let assignment for LaTeX macros (HO)
) ("E:\MiKTeX 2.9\tex/latex/oberdiek\auxhook.sty"
Package: auxhook 2016/05/16 v1.4 Hooks for auxiliary files (HO)
) ("E:\MiKTeX 2.9\tex/latex/kvoptions\kvoptions.sty"
Package: kvoptions 2019/11/29 v3.13 Key value format for package options (HO)
)
\@linkdim=\dimen120
\Hy@linkcounter=\count104
\Hy@pagecounter=\count105
 ("E:\MiKTeX 2.9\tex/latex/hyperref\pd1enc.def"
File: pd1enc.def 2019/11/10 v7.00c Hyperref: PDFDocEncoding definition (HO)
Now handling font encoding PD1 ...
... no UTF-8 mapping file for font encoding PD1
) ("E:\MiKTeX 2.9\tex/generic/oberdiek\intcalc.sty"
Package: intcalc 2016/05/16 v1.2 Expandable calculations with integers (HO)
)
\Hy@SavedSpaceFactor=\count106
 ("E:\MiKTeX 2.9\tex/latex/00miktex\hyperref.cfg"
File: hyperref.cfg 2002/06/06 v1.2 hyperref configuration of TeXLive
)
Package hyperref Info: Hyper figures OFF on input line 4535.
Package hyperref Info: Link nesting OFF on input line 4540.
Package hyperref Info: Hyper index ON on input line 4543.
Package hyperref Info: Plain pages OFF on input line 4550.
Package hyperref Info: Backreferencing OFF on input line 4555.
Package hyperref Info: Implicit mode ON; LaTeX internals redefined.
Package hyperref Info: Bookmarks ON on input line 4788.
\c@Hy@tempcnt=\count107
 ("E:\MiKTeX 2.9\tex/latex/url\url.sty"
\Urlmuskip=\muskip11
Package: url 2013/09/16  ver 3.4  Verb mode for urls, etc.
)
LaTeX Info: Redefining \url on input line 5147.
\XeTeXLinkMargin=\dimen121
 ("E:\MiKTeX 2.9\tex/generic/oberdiek\bitset.sty"
Package: bitset 2016/05/16 v1.2 Handle bit-vector datatype (HO)
 ("E:\MiKTeX 2.9\tex/generic/oberdiek\bigintcalc.sty"
Package: bigintcalc 2016/05/16 v1.4 Expandable calculations on big integers (HO)
))
\Fld@menulength=\count108
\Field@Width=\dimen122
\Fld@charsize=\dimen123
Package hyperref Info: Hyper figures OFF on input line 6418.
Package hyperref Info: Link nesting OFF on input line 6423.
Package hyperref Info: Hyper index ON on input line 6426.
Package hyperref Info: backreferencing OFF on input line 6433.
Package hyperref Info: Link coloring OFF on input line 6438.
Package hyperref Info: Link coloring with OCG OFF on input line 6443.
Package hyperref Info: PDF/A mode OFF on input line 6448.
LaTeX Info: Redefining \ref on input line 6488.
LaTeX Info: Redefining \pageref on input line 6492.
 ("E:\MiKTeX 2.9\tex/generic/oberdiek\atbegshi.sty"
Package: atbegshi 2016/06/09 v1.18 At begin shipout hook (HO)
)
\Hy@abspage=\count109
\c@Item=\count110
\c@Hfootnote=\count111
)
Package hyperref Info: Driver (autodetected): hpdftex.
 ("E:\MiKTeX 2.9\tex/latex/hyperref\hpdftex.def"
File: hpdftex.def 2019/11/10 v7.00c Hyperref driver for pdfTeX
 ("E:\MiKTeX 2.9\tex/latex/oberdiek\atveryend.sty"
Package: atveryend 2016/05/16 v1.9 Hooks at the very end of document (HO)
Package atveryend Info: \enddocument detected (standard20110627).
)
\Fld@listcount=\count112
\c@bookmark@seq@number=\count113
 ("E:\MiKTeX 2.9\tex/latex/oberdiek\rerunfilecheck.sty"
Package: rerunfilecheck 2016/05/16 v1.8 Rerun checks for auxiliary files (HO)
 ("E:\MiKTeX 2.9\tex/generic/oberdiek\uniquecounter.sty"
Package: uniquecounter 2016/05/16 v1.3 Provide unlimited unique counter (HO)
)
Package uniquecounter Info: New unique counter `rerunfilecheck' on input line 286.
)
\Hy@SectionHShift=\skip50
) ("E:\MiKTeX 2.9\tex/latex/parskip\parskip.sty"
Package: parskip 2020-05-19 v2.0e non-zero parskip adjustments
 ("E:\MiKTeX 2.9\tex/latex/etoolbox\etoolbox.sty"
Package: etoolbox 2019/09/21 v2.5h e-TeX tools for LaTeX (JAW)
\etb@tempcnta=\count114
)) ("E:\MiKTeX 2.9\tex/latex/graphics\graphicx.sty"
Package: graphicx 2017/06/01 v1.1a Enhanced LaTeX Graphics (DPC,SPQR)
 ("E:\MiKTeX 2.9\tex/latex/graphics\graphics.sty"
Package: graphics 2019/11/01 v1.3d Standard LaTeX Graphics (DPC,SPQR)
 ("E:\MiKTeX 2.9\tex/latex/graphics\trig.sty"
Package: trig 2016/01/03 v1.10 sin cos tan (DPC)
) ("E:\MiKTeX 2.9\tex/latex/graphics-cfg\graphics.cfg"
File: graphics.cfg 2016/06/04 v1.11 sample graphics configuration
)
Package graphics Info: Driver file: pdftex.def on input line 105.
 ("E:\MiKTeX 2.9\tex/latex/graphics-def\pdftex.def"
File: pdftex.def 2018/01/08 v1.0l Graphics/color driver for pdftex
))
\Gin@req@height=\dimen124
\Gin@req@width=\dimen125
) (d:/_Projects\latex\latex\auxdir\homework-final-report.aux)
\openout1 = `homework-final-report.aux'.

LaTeX Font Info:    Checking defaults for OML/cmm/m/it on input line 20.
LaTeX Font Info:    ... okay on input line 20.
LaTeX Font Info:    Checking defaults for T1/cmr/m/n on input line 20.
LaTeX Font Info:    ... okay on input line 20.
LaTeX Font Info:    Checking defaults for OT1/cmr/m/n on input line 20.
LaTeX Font Info:    ... okay on input line 20.
LaTeX Font Info:    Checking defaults for OMS/cmsy/m/n on input line 20.
LaTeX Font Info:    ... okay on input line 20.
LaTeX Font Info:    Checking defaults for OMX/cmex/m/n on input line 20.
LaTeX Font Info:    ... okay on input line 20.
LaTeX Font Info:    Checking defaults for U/cmr/m/n on input line 20.
LaTeX Font Info:    ... okay on input line 20.
LaTeX Font Info:    Checking defaults for MDA/cmr/m/n on input line 20.
LaTeX Font Info:    Trying to load font information for MDA+cmr on input line 20.
 ("E:\MiKTeX 2.9\tex/latex/mathdesign\mdacmr.fd"
File: mdacmr.fd 
)
LaTeX Font Info:    ... okay on input line 20.
LaTeX Font Info:    Checking defaults for MDB/cmr/m/n on input line 20.
LaTeX Font Info:    Trying to load font information for MDB+cmr on input line 20.
 ("E:\MiKTeX 2.9\tex/latex/mathdesign\mdbcmr.fd"
File: mdbcmr.fd 
)
LaTeX Font Info:    ... okay on input line 20.
LaTeX Font Info:    Checking defaults for PD1/pdf/m/n on input line 20.
LaTeX Font Info:    ... okay on input line 20.

*geometry* driver: auto-detecting
*geometry* detected driver: pdftex
*geometry* verbose mode - [ preamble ] result:
* driver: pdftex
* paper: <default>
* layout: <same size as paper>
* layoutoffset:(h,v)=(0.0pt,0.0pt)
* modes: includehead includefoot 
* h-part:(L,W,R)=(56.9055pt, 500.484pt, 56.9055pt)
* v-part:(T,H,B)=(28.45274pt, 709.61174pt, 56.9055pt)
* \paperwidth=614.295pt
* \paperheight=794.96999pt
* \textwidth=500.484pt
* \textheight=642.61174pt
* \oddsidemargin=-15.36449pt
* \evensidemargin=-15.36449pt
* \topmargin=-43.81725pt
* \headheight=12.0pt
* \headsep=25.0pt
* \topskip=11.0pt
* \footskip=30.0pt
* \marginparwidth=59.0pt
* \marginparsep=10.0pt
* \columnsep=10.0pt
* \skip\footins=10.0pt plus 4.0pt minus 2.0pt
* \hoffset=0.0pt
* \voffset=0.0pt
* \mag=1000
* \@twocolumnfalse
* \@twosidefalse
* \@mparswitchfalse
* \@reversemarginfalse
* (1in=72.27pt=25.4mm, 1cm=28.453pt)

\AtBeginShipoutBox=\box29
Package hyperref Info: Link coloring OFF on input line 20.
("E:\MiKTeX 2.9\tex/latex/hyperref\nameref.sty"
Package: nameref 2019/09/16 v2.46 Cross-referencing by name of section
 ("E:\MiKTeX 2.9\tex/latex/oberdiek\refcount.sty"
Package: refcount 2016/05/16 v3.5 Data extraction from label references (HO)
) ("E:\MiKTeX 2.9\tex/generic/oberdiek\gettitlestring.sty"
Package: gettitlestring 2016/05/16 v1.5 Cleanup title references (HO)
)
\c@section@level=\count115
)
LaTeX Info: Redefining \ref on input line 20.
LaTeX Info: Redefining \pageref on input line 20.
LaTeX Info: Redefining \nameref on input line 20.
 (d:/_Projects\latex\latex\auxdir\homework-final-report.out) (d:/_Projects\latex\latex\auxdir\homework-final-report.out)
\@outlinefile=\write3
\openout3 = `homework-final-report.out'.

 ("E:\MiKTeX 2.9\tex/context/base/mkii\supp-pdf.mkii"
[Loading MPS to PDF converter (version 2006.09.02).]
\scratchcounter=\count116
\scratchdimen=\dimen126
\scratchbox=\box30
\nofMPsegments=\count117
\nofMParguments=\count118
\everyMPshowfont=\toks30
\MPscratchCnt=\count119
\MPscratchDim=\dimen127
\MPnumerator=\count120
\makeMPintoPDFobject=\count121
\everyMPtoPDFconversion=\toks31
) ("E:\MiKTeX 2.9\tex/latex/epstopdf-pkg\epstopdf-base.sty"
Package: epstopdf-base 2019-11-30 v2.9 Base part for package epstopdf
Package epstopdf-base Info: Redefining graphics rule for `.eps' on input line 485.
)
LaTeX Font Info:    Font shape `T1/mdbch/m/n' will be
(Font)              scaled to size 16.58891pt on input line 22.
LaTeX Font Info:    Font shape `T1/mdbch/m/n' will be
(Font)              scaled to size 11.52008pt on input line 22.
LaTeX Font Info:    Trying to load font information for OT1+mdbch on input line 22.
 ("E:\MiKTeX 2.9\tex/latex/mathdesign/mdbch\ot1mdbch.fd"
File: ot1mdbch.fd 2013/08/29 Fontinst v1.933 font definitions for OT1/mdbch.
)
LaTeX Font Info:    Font shape `OT1/mdbch/m/n' will be
(Font)              scaled to size 11.52008pt on input line 22.
LaTeX Font Info:    Font shape `OT1/mdbch/m/n' will be
(Font)              scaled to size 7.68005pt on input line 22.
LaTeX Font Info:    Font shape `OT1/mdbch/m/n' will be
(Font)              scaled to size 5.76004pt on input line 22.
LaTeX Font Info:    Trying to load font information for OML+mdbch on input line 22.
 ("E:\MiKTeX 2.9\tex/latex/mathdesign/mdbch\omlmdbch.fd"
File: omlmdbch.fd 2013/08/29 Fontinst v1.933 font definitions for OML/mdbch.
)
LaTeX Font Info:    Font shape `OML/mdbch/m/it' will be
(Font)              scaled to size 11.52008pt on input line 22.
LaTeX Font Info:    Font shape `OML/mdbch/m/it' will be
(Font)              scaled to size 7.68005pt on input line 22.
LaTeX Font Info:    Font shape `OML/mdbch/m/it' will be
(Font)              scaled to size 5.76004pt on input line 22.
LaTeX Font Info:    Trying to load font information for OMS+mdbch on input line 22.
 ("E:\MiKTeX 2.9\tex/latex/mathdesign/mdbch\omsmdbch.fd"
File: omsmdbch.fd 2013/08/29 Fontinst v1.933 font definitions for OMS/mdbch.
)
LaTeX Font Info:    Font shape `OMS/mdbch/m/n' will be
(Font)              scaled to size 11.52008pt on input line 22.
LaTeX Font Info:    Font shape `OMS/mdbch/m/n' will be
(Font)              scaled to size 7.68005pt on input line 22.
LaTeX Font Info:    Font shape `OMS/mdbch/m/n' will be
(Font)              scaled to size 5.76004pt on input line 22.
LaTeX Font Info:    Trying to load font information for OMX+mdbch on input line 22.
 ("E:\MiKTeX 2.9\tex/latex/mathdesign/mdbch\omxmdbch.fd"
File: omxmdbch.fd 2013/08/29 Fontinst v1.933 font definitions for OMX/mdbch.
)
LaTeX Font Info:    Font shape `OMX/mdbch/m/n' will be
(Font)              scaled to size 11.52008pt on input line 22.
LaTeX Font Info:    Font shape `OMX/mdbch/m/n' will be
(Font)              scaled to size 7.68005pt on input line 22.
LaTeX Font Info:    Font shape `OMX/mdbch/m/n' will be
(Font)              scaled to size 5.76004pt on input line 22.
LaTeX Font Info:    Font shape `OML/mdbch/m/n' will be
(Font)              scaled to size 11.52008pt on input line 22.
LaTeX Font Info:    Font shape `OML/mdbch/m/n' will be
(Font)              scaled to size 7.68005pt on input line 22.
LaTeX Font Info:    Font shape `OML/mdbch/m/n' will be
(Font)              scaled to size 5.76004pt on input line 22.
LaTeX Font Info:    Trying to load font information for MDA+mdbch on input line 22.
 ("E:\MiKTeX 2.9\tex/latex/mathdesign/mdbch\mdamdbch.fd"
File: mdamdbch.fd 2013/08/29 Fontinst v1.933 font definitions for MDA/mdbch.
)
LaTeX Font Info:    Font shape `MDA/mdbch/m/n' will be
(Font)              scaled to size 11.52008pt on input line 22.
LaTeX Font Info:    Font shape `MDA/mdbch/m/n' will be
(Font)              scaled to size 7.68005pt on input line 22.
LaTeX Font Info:    Font shape `MDA/mdbch/m/n' will be
(Font)              scaled to size 5.76004pt on input line 22.
LaTeX Font Info:    Trying to load font information for MDB+mdbch on input line 22.
 ("E:\MiKTeX 2.9\tex/latex/mathdesign/mdbch\mdbmdbch.fd"
File: mdbmdbch.fd 2013/08/29 Fontinst v1.933 font definitions for MDB/mdbch.
)
LaTeX Font Info:    Font shape `MDB/mdbch/m/n' will be
(Font)              scaled to size 11.52008pt on input line 22.
LaTeX Font Info:    Font shape `MDB/mdbch/m/n' will be
(Font)              scaled to size 7.68005pt on input line 22.
LaTeX Font Info:    Font shape `MDB/mdbch/m/n' will be
(Font)              scaled to size 5.76004pt on input line 22.
LaTeX Font Info:    Font shape `T1/mdbch/m/n' will be
(Font)              scaled to size 13.82408pt on input line 23.
LaTeX Font Info:    Font shape `T1/mdbch/b/n' will be
(Font)              scaled to size 13.82408pt on input line 23.
LaTeX Font Info:    Font shape `OT1/mdbch/m/n' will be
(Font)              scaled to size 10.51207pt on input line 24.
LaTeX Font Info:    Font shape `OML/mdbch/m/it' will be
(Font)              scaled to size 10.51207pt on input line 24.
LaTeX Font Info:    Font shape `OMS/mdbch/m/n' will be
(Font)              scaled to size 10.51207pt on input line 24.
LaTeX Font Info:    Font shape `OMX/mdbch/m/n' will be
(Font)              scaled to size 10.51207pt on input line 24.
LaTeX Font Info:    Font shape `OML/mdbch/m/n' will be
(Font)              scaled to size 10.51207pt on input line 24.
LaTeX Font Info:    Font shape `MDA/mdbch/m/n' will be
(Font)              scaled to size 10.51207pt on input line 24.
LaTeX Font Info:    Font shape `MDB/mdbch/m/n' will be
(Font)              scaled to size 10.51207pt on input line 24.
LaTeX Font Info:    Font shape `OT1/mdbch/m/n' will be
(Font)              scaled to size 13.82408pt on input line 36.
LaTeX Font Info:    Font shape `OT1/mdbch/m/n' will be
(Font)              scaled to size 9.60007pt on input line 36.
LaTeX Font Info:    Font shape `OT1/mdbch/m/n' will be
(Font)              scaled to size 6.72005pt on input line 36.
LaTeX Font Info:    Font shape `OML/mdbch/m/it' will be
(Font)              scaled to size 13.82408pt on input line 36.
LaTeX Font Info:    Font shape `OML/mdbch/m/it' will be
(Font)              scaled to size 9.60007pt on input line 36.
LaTeX Font Info:    Font shape `OML/mdbch/m/it' will be
(Font)              scaled to size 6.72005pt on input line 36.
LaTeX Font Info:    Font shape `OMS/mdbch/m/n' will be
(Font)              scaled to size 13.82408pt on input line 36.
LaTeX Font Info:    Font shape `OMS/mdbch/m/n' will be
(Font)              scaled to size 9.60007pt on input line 36.
LaTeX Font Info:    Font shape `OMS/mdbch/m/n' will be
(Font)              scaled to size 6.72005pt on input line 36.
LaTeX Font Info:    Font shape `OMX/mdbch/m/n' will be
(Font)              scaled to size 13.82408pt on input line 36.
LaTeX Font Info:    Font shape `OMX/mdbch/m/n' will be
(Font)              scaled to size 9.60007pt on input line 36.
LaTeX Font Info:    Font shape `OMX/mdbch/m/n' will be
(Font)              scaled to size 6.72005pt on input line 36.
LaTeX Font Info:    Font shape `OML/mdbch/m/n' will be
(Font)              scaled to size 13.82408pt on input line 36.
LaTeX Font Info:    Font shape `OML/mdbch/m/n' will be
(Font)              scaled to size 9.60007pt on input line 36.
LaTeX Font Info:    Font shape `OML/mdbch/m/n' will be
(Font)              scaled to size 6.72005pt on input line 36.
LaTeX Font Info:    Font shape `MDA/mdbch/m/n' will be
(Font)              scaled to size 13.82408pt on input line 36.
LaTeX Font Info:    Font shape `MDA/mdbch/m/n' will be
(Font)              scaled to size 9.60007pt on input line 36.
LaTeX Font Info:    Font shape `MDA/mdbch/m/n' will be
(Font)              scaled to size 6.72005pt on input line 36.
LaTeX Font Info:    Font shape `MDB/mdbch/m/n' will be
(Font)              scaled to size 13.82408pt on input line 36.
LaTeX Font Info:    Font shape `MDB/mdbch/m/n' will be
(Font)              scaled to size 9.60007pt on input line 36.
LaTeX Font Info:    Font shape `MDB/mdbch/m/n' will be
(Font)              scaled to size 6.72005pt on input line 36.
LaTeX Font Info:    Font shape `T1/mdbch/m/n' will be
(Font)              scaled to size 9.60007pt on input line 36.
LaTeX Font Info:    Font shape `T1/mdbch/m/n' will be
(Font)              scaled to size 8.64006pt on input line 36.
LaTeX Font Info:    Font shape `OT1/mdbch/m/n' will be
(Font)              scaled to size 8.64006pt on input line 36.
LaTeX Font Info:    Font shape `OT1/mdbch/m/n' will be
(Font)              scaled to size 4.80003pt on input line 36.
LaTeX Font Info:    Font shape `OML/mdbch/m/it' will be
(Font)              scaled to size 8.64006pt on input line 36.
LaTeX Font Info:    Font shape `OML/mdbch/m/it' will be
(Font)              scaled to size 4.80003pt on input line 36.
LaTeX Font Info:    Font shape `OMS/mdbch/m/n' will be
(Font)              scaled to size 8.64006pt on input line 36.
LaTeX Font Info:    Font shape `OMS/mdbch/m/n' will be
(Font)              scaled to size 4.80003pt on input line 36.
LaTeX Font Info:    Font shape `OMX/mdbch/m/n' will be
(Font)              scaled to size 8.64006pt on input line 36.
LaTeX Font Info:    Font shape `OMX/mdbch/m/n' will be
(Font)              scaled to size 4.80003pt on input line 36.
LaTeX Font Info:    Font shape `OML/mdbch/m/n' will be
(Font)              scaled to size 8.64006pt on input line 36.
LaTeX Font Info:    Font shape `OML/mdbch/m/n' will be
(Font)              scaled to size 4.80003pt on input line 36.
LaTeX Font Info:    Font shape `MDA/mdbch/m/n' will be
(Font)              scaled to size 8.64006pt on input line 36.
LaTeX Font Info:    Font shape `MDA/mdbch/m/n' will be
(Font)              scaled to size 4.80003pt on input line 36.
LaTeX Font Info:    Font shape `MDB/mdbch/m/n' will be
(Font)              scaled to size 8.64006pt on input line 36.
LaTeX Font Info:    Font shape `MDB/mdbch/m/n' will be
(Font)              scaled to size 4.80003pt on input line 36.
LaTeX Font Info:    Font shape `T1/mdbch/m/n' will be
(Font)              scaled to size 5.76004pt on input line 36.
LaTeX Font Info:    Font shape `T1/cmtt/m/n' will be
(Font)              scaled to size 9.64806pt on input line 36.
 [1

{C:/Users/Radiants/AppData/Local/MiKTeX/2.9/pdftex/config/pdftex.map}]
LaTeX Font Info:    Font shape `T1/mdbch/b/n' will be
(Font)              scaled to size 11.52008pt on input line 51.
LaTeX Font Info:    Font shape `T1/cmtt/m/n' will be
(Font)              scaled to size 11.73846pt on input line 53.
pdfTeX warning (ext4): destination with the same identifier (name{page.}) has been already used, duplicate ignored
<to be read again> 
                   \relax 
l.99 \end{verbatim}
                    [2]pdfTeX warning (ext4): destination with the same identifier (name{page.}) has been already used, duplicate ignored
<to be read again> 
                   \relax 
l.135 \]
         [3]pdfTeX warning (ext4): destination with the same identifier (name{page.}) has been already used, duplicate ignored
<to be read again> 
                   \relax 
l.171 \newpage
               [4]
Overfull \hbox (18.22054pt too wide) in paragraph at lines 206--206
 []\T1/cmtt/m/n/10.95 plot 'data2.dat' title "Limit Definition Expression" with linespoints linestyle 1[] 
 []

pdfTeX warning (ext4): destination with the same identifier (name{page.}) has been already used, duplicate ignored
<to be read again> 
                   \relax 
l.209 \newpage
               [5]
<./graphic/data1.pdf, id=68, 1927.2pt x 923.45pt>
File: ./graphic/data1.pdf Graphic file (type pdf)
<use ./graphic/data1.pdf>
Package pdftex.def Info: ./graphic/data1.pdf  used on input line 216.
(pdftex.def)             Requested size: 385.43318pt x 184.68672pt.
<./graphic/data2.pdf, id=69, 1927.2pt x 923.45pt>
File: ./graphic/data2.pdf Graphic file (type pdf)
<use ./graphic/data2.pdf>
Package pdftex.def Info: ./graphic/data2.pdf  used on input line 221.
(pdftex.def)             Requested size: 385.43318pt x 184.68672pt.
pdfTeX warning (ext4): destination with the same identifier (name{page.}) has been already used, duplicate ignored
<to be read again> 
                   \relax 
l.226 \newpage
               [6 <./graphic/data1.pdf> <./graphic/data2.pdf

pdfTeX warning: pdflatex (file ./graphic/data2.pdf): PDF inclusion: multiple pdfs with page group included in a single page
>]
Package atveryend Info: Empty hook `BeforeClearDocument' on input line 229.
pdfTeX warning (ext4): destination with the same identifier (name{page.}) has been already used, duplicate ignored
<to be read again> 
                   \relax 
l.229 \end{document}
                     [7]
Package atveryend Info: Empty hook `AfterLastShipout' on input line 229.
 (d:/_Projects\latex\latex\auxdir\homework-final-report.aux)
Package atveryend Info: Executing hook `AtVeryEndDocument' on input line 229.
Package atveryend Info: Executing hook `AtEndAfterFileList' on input line 229.
Package rerunfilecheck Info: File `homework-final-report.out' has not changed.
(rerunfilecheck)             Checksum: 29DDE5C955E90FD5FA1A3AB2C5732DDA;493.
Package atveryend Info: Empty hook `AtVeryVeryEnd' on input line 229.
 ) 
Here is how much of TeX's memory you used:
 8620 strings out of 492450
 120982 string characters out of 3136237
 211329 words of memory out of 3000000
 12767 multiletter control sequences out of 15000+200000
 59749 words of font info for 118 fonts, out of 3000000 for 9000
 1141 hyphenation exceptions out of 8191
 39i,8n,39p,1088b,433s stack positions out of 5000i,500n,10000p,200000b,50000s
 <C:\Users\Radiants\AppData\Local\MiKTeX\2.9\fonts/pk/ljfour/jknappen/ec/dpi643\ectt1095.pk> <C:\Users\Radiants\AppData\Local\MiKTeX\2.9\fonts/pk/ljfour/jknappen/ec/dpi643\ectt0900.pk>{E:/MiKTeX 2.9/fonts/enc/dvips/ly1/texnansi.enc}<E:/MiKTeX 2.9/fonts/type1/bitstrea/charter/bchb8a.pfb><E:/MiKTeX 2.9/fonts/type1/bitstrea/charter/bchr8a.pfb><E:/MiKTeX 2.9/fonts/type1/bitstrea/charter/bchri8a.pfb><E:/MiKTeX 2.9/fonts/type1/mathdesign/mdbch/md-chr7t.pfb><E:/MiKTeX 2.9/fonts/type1/mathdesign/mdbch/md-chr7v.pfb><E:/MiKTeX 2.9/fonts/type1/mathdesign/mdbch/md-chr7y.pfb>
Output written on d:/_Projects\latex\latex\pdf\homework-final-report.pdf (7 pages, 126722 bytes).
PDF statistics:
 222 PDF objects out of 1000 (max. 8388607)
 14 named destinations out of 1000 (max. 500000)
 83 words of extra memory for PDF output out of 10000 (max. 10000000)

